<?xml version='1.0' encoding='UTF-8'?>
<testsuite hostname="kturgut-mbp-1" name="com.conviva.id.assignment.ClientsForCommonIpSpec" tests="11" errors="0" failures="0" skipped="0" time="0.085" timestamp="2021-07-14T15:17:59">
          <properties>
      <property name="jline.esc.timeout" value="0"/><property name="jna.platform.library.path" value="/usr/lib:/usr/lib"/><property name="java.runtime.name" value="OpenJDK Runtime Environment"/><property name="sun.boot.library.path" value="/Users/kturgut/Library/Java/JavaVirtualMachines/corretto-1.8.0_275/Contents/Home/jre/lib"/><property name="java.vm.version" value="25.275-b01"/><property name="gopherProxySet" value="false"/><property name="java.vm.vendor" value="Amazon.com Inc."/><property name="java.vendor.url" value="https://aws.amazon.com/corretto/"/><property name="path.separator" value=":"/><property name="jna.loaded" value="true"/><property name="java.vm.name" value="OpenJDK 64-Bit Server VM"/><property name="file.encoding.pkg" value="sun.io"/><property name="user.country" value="US"/><property name="sun.java.launcher" value="SUN_STANDARD"/><property name="sun.os.patch.level" value="unknown"/><property name="jna.nosys" value="true"/><property name="java.vm.specification.name" value="Java Virtual Machine Specification"/><property name="user.dir" value="/Users/kturgut/Conviva/conviva-id"/><property name="java.runtime.version" value="1.8.0_275-b01"/><property name="java.awt.graphicsenv" value="sun.awt.CGraphicsEnvironment"/><property name="idea.managed" value="true"/><property name="java.endorsed.dirs" value="/Users/kturgut/Library/Java/JavaVirtualMachines/corretto-1.8.0_275/Contents/Home/jre/lib/endorsed"/><property name="os.arch" value="x86_64"/><property name="java.io.tmpdir" value="/var/folders/l0/sc70llsn0kbbj854klbygcbh0000gn/T/"/><property name="line.separator" value="
"/><property name="java.vm.specification.vendor" value="Oracle Corporation"/><property name="log4j.ignoreTCL" value="true"/><property name="os.name" value="Mac OS X"/><property name="sun.jnu.encoding" value="UTF-8"/><property name="jnidispatch.path" value="/Users/kturgut/Library/Caches/JNA/temp/jna5316675446770752706.tmp"/><property name="sbt.boot.credentials" value="/Users/kturgut/.sbt/.credentials"/><property name="java.library.path" value="/Users/kturgut/Library/Java/Extensions:/Library/Java/Extensions:/Network/Library/Java/Extensions:/System/Library/Java/Extensions:/usr/lib/java:."/><property name="java.specification.name" value="Java Platform API Specification"/><property name="java.class.version" value="52.0"/><property name="sun.management.compiler" value="HotSpot 64-Bit Tiered Compilers"/><property name="os.version" value="10.15.7"/><property name="http.nonProxyHosts" value="local|*.local|169.254/16|*.169.254/16"/><property name="swoval.tmpdir" value="/Users/kturgut/.sbt/1.0"/><property name="user.home" value="/Users/kturgut"/><property name="user.timezone" value="America/Los_Angeles"/><property name="java.awt.printerjob" value="sun.lwawt.macosx.CPrinterJob"/><property name="idea.installation.dir" value="/Applications/IntelliJ IDEA CE.app/Contents"/><property name="file.encoding" value="UTF-8"/><property name="java.specification.version" value="1.8"/><property name="java.class.path" value="/Users/kturgut/Library/Application Support/JetBrains/IdeaIC2021.1/plugins/Scala/launcher/sbt-launch.jar"/><property name="user.name" value="kturgut"/><property name="jline.shutdownhook" value="false"/><property name="java.vm.specification.version" value="1.8"/><property name="sun.java.command" value="/Users/kturgut/Library/Application Support/JetBrains/IdeaIC2021.1/plugins/Scala/launcher/sbt-launch.jar early(addPluginSbtFile=&quot;&quot;&quot;/private/var/folders/l0/sc70llsn0kbbj854klbygcbh0000gn/T/idea7.sbt&quot;&quot;&quot;) ; set ideaPort in Global := 49401 ; idea-shell"/><property name="java.home" value="/Users/kturgut/Library/Java/JavaVirtualMachines/corretto-1.8.0_275/Contents/Home/jre"/><property name="sun.arch.data.model" value="64"/><property name="user.language" value="en"/><property name="java.specification.vendor" value="Oracle Corporation"/><property name="awt.toolkit" value="sun.lwawt.macosx.LWCToolkit"/><property name="java.vm.info" value="mixed mode"/><property name="java.version" value="1.8.0_275"/><property name="java.ext.dirs" value="/Users/kturgut/Library/Java/Extensions:/Users/kturgut/Library/Java/JavaVirtualMachines/corretto-1.8.0_275/Contents/Home/jre/lib/ext:/Library/Java/Extensions:/Network/Library/Java/Extensions:/System/Library/Java/Extensions:/usr/lib/java"/><property name="sun.boot.class.path" value="/Users/kturgut/Library/Java/JavaVirtualMachines/corretto-1.8.0_275/Contents/Home/jre/lib/resources.jar:/Users/kturgut/Library/Java/JavaVirtualMachines/corretto-1.8.0_275/Contents/Home/jre/lib/rt.jar:/Users/kturgut/Library/Java/JavaVirtualMachines/corretto-1.8.0_275/Contents/Home/jre/lib/sunrsasign.jar:/Users/kturgut/Library/Java/JavaVirtualMachines/corretto-1.8.0_275/Contents/Home/jre/lib/jsse.jar:/Users/kturgut/Library/Java/JavaVirtualMachines/corretto-1.8.0_275/Contents/Home/jre/lib/jce.jar:/Users/kturgut/Library/Java/JavaVirtualMachines/corretto-1.8.0_275/Contents/Home/jre/lib/charsets.jar:/Users/kturgut/Library/Java/JavaVirtualMachines/corretto-1.8.0_275/Contents/Home/jre/lib/jfr.jar:/Users/kturgut/Library/Java/JavaVirtualMachines/corretto-1.8.0_275/Contents/Home/jre/classes"/><property name="java.vendor" value="Amazon.com Inc."/><property name="file.separator" value="/"/><property name="java.vendor.url.bug" value="https://github.com/corretto/corretto-8/issues/"/><property name="sbt.supershell" value="false"/><property name="sun.io.unicode.encoding" value="UnicodeBig"/><property name="sun.cpu.endian" value="little"/><property name="socksNonProxyHosts" value="local|*.local|169.254/16|*.169.254/16"/><property name="ftp.nonProxyHosts" value="local|*.local|169.254/16|*.169.254/16"/><property name="sun.cpu.isalist" value=""/>
    </properties>
          <testcase classname="com.conviva.id.assignment.ClientsForCommonIpSpec" name="ClientIdsForCommonIp should be able to create ClientIdsForCommonIp and merge another OverlappingClientIds onto it" time="0.063">
                      
                    </testcase><testcase classname="com.conviva.id.assignment.ClientsForCommonIpSpec" name="ClientIdsForCommonIp should be able to merge with others of same IP" time="0.0">
                      
                    </testcase><testcase classname="com.conviva.id.assignment.ClientsForCommonIpSpec" name="ClientIdsForCommonIp should raise exception if merged with another of different IP" time="0.001">
                      
                    </testcase><testcase classname="com.conviva.id.assignment.ClientsForCommonIpSpec" name="ClientIdsForCommonIp should calculate if clientIds are all empty or not" time="0.003">
                      
                    </testcase><testcase classname="com.conviva.id.assignment.ClientsForCommonIpSpec" name="ClientIdsForCommonIp should reduce a list if it contains emptyOnly clientIds and others are not emptyOnly if same ip" time="0.013">
                      
                    </testcase><testcase classname="com.conviva.id.assignment.ClientsForCommonIpSpec" name="ClientIdsForCommonIp should reduce a list if it contains emptyOnly clientIds and others are not emptyOnly within group of same ip" time="0.001">
                      
                    </testcase><testcase classname="com.conviva.id.assignment.ClientsForCommonIpSpec" name="ClientIdsForCommonIp should not reduce a list if it contains emptyOnly clientIds and others are not emptyOnly if not same ip" time="0.001">
                      
                    </testcase><testcase classname="com.conviva.id.assignment.ClientsForCommonIpSpec" name="ClientIdsForCommonIp should preserve even empty clientIds when reducing list" time="0.001">
                      
                    </testcase><testcase classname="com.conviva.id.assignment.ClientsForCommonIpSpec" name="ClientIdsForCommonIp should not reduce a list if it does not contains emptyOnly clientIds" time="0.001">
                      
                    </testcase><testcase classname="com.conviva.id.assignment.ClientsForCommonIpSpec" name="ClientIdsForCommonIp should not reduce a list if it only contains single entry that is emptyOnly" time="0.001">
                      
                    </testcase><testcase classname="com.conviva.id.assignment.ClientsForCommonIpSpec" name="ClientIdsForCommonIp should gracefully reduce an empty list" time="0.0">
                      
                    </testcase>
          <system-out><![CDATA[]]></system-out>
          <system-err><![CDATA[]]></system-err>
        </testsuite>