<?xml version='1.0' encoding='UTF-8'?>
<testsuite hostname="kturgut-mbp-1" name="com.conviva.id.assignment.HouseholdAssignmentAggregatorSpec" tests="18" errors="0" failures="0" skipped="0" time="24.757" timestamp="2021-07-14T15:18:35">
          <properties>
      <property name="jline.esc.timeout" value="0"/><property name="jna.platform.library.path" value="/usr/lib:/usr/lib"/><property name="java.runtime.name" value="OpenJDK Runtime Environment"/><property name="sun.boot.library.path" value="/Users/kturgut/Library/Java/JavaVirtualMachines/corretto-1.8.0_275/Contents/Home/jre/lib"/><property name="java.vm.version" value="25.275-b01"/><property name="gopherProxySet" value="false"/><property name="java.vm.vendor" value="Amazon.com Inc."/><property name="java.vendor.url" value="https://aws.amazon.com/corretto/"/><property name="path.separator" value=":"/><property name="jna.loaded" value="true"/><property name="java.vm.name" value="OpenJDK 64-Bit Server VM"/><property name="file.encoding.pkg" value="sun.io"/><property name="user.country" value="US"/><property name="sun.java.launcher" value="SUN_STANDARD"/><property name="sun.os.patch.level" value="unknown"/><property name="jna.nosys" value="true"/><property name="java.vm.specification.name" value="Java Virtual Machine Specification"/><property name="user.dir" value="/Users/kturgut/Conviva/conviva-id"/><property name="java.runtime.version" value="1.8.0_275-b01"/><property name="java.awt.graphicsenv" value="sun.awt.CGraphicsEnvironment"/><property name="idea.managed" value="true"/><property name="java.endorsed.dirs" value="/Users/kturgut/Library/Java/JavaVirtualMachines/corretto-1.8.0_275/Contents/Home/jre/lib/endorsed"/><property name="os.arch" value="x86_64"/><property name="java.io.tmpdir" value="/var/folders/l0/sc70llsn0kbbj854klbygcbh0000gn/T/"/><property name="line.separator" value="
"/><property name="java.vm.specification.vendor" value="Oracle Corporation"/><property name="log4j.ignoreTCL" value="true"/><property name="os.name" value="Mac OS X"/><property name="sun.jnu.encoding" value="UTF-8"/><property name="jnidispatch.path" value="/Users/kturgut/Library/Caches/JNA/temp/jna5316675446770752706.tmp"/><property name="sbt.boot.credentials" value="/Users/kturgut/.sbt/.credentials"/><property name="java.library.path" value="/Users/kturgut/Library/Java/Extensions:/Library/Java/Extensions:/Network/Library/Java/Extensions:/System/Library/Java/Extensions:/usr/lib/java:."/><property name="java.specification.name" value="Java Platform API Specification"/><property name="java.class.version" value="52.0"/><property name="sun.management.compiler" value="HotSpot 64-Bit Tiered Compilers"/><property name="os.version" value="10.15.7"/><property name="http.nonProxyHosts" value="local|*.local|169.254/16|*.169.254/16"/><property name="swoval.tmpdir" value="/Users/kturgut/.sbt/1.0"/><property name="user.home" value="/Users/kturgut"/><property name="user.timezone" value="America/Los_Angeles"/><property name="java.awt.printerjob" value="sun.lwawt.macosx.CPrinterJob"/><property name="idea.installation.dir" value="/Applications/IntelliJ IDEA CE.app/Contents"/><property name="file.encoding" value="UTF-8"/><property name="java.specification.version" value="1.8"/><property name="java.class.path" value="/Users/kturgut/Library/Application Support/JetBrains/IdeaIC2021.1/plugins/Scala/launcher/sbt-launch.jar"/><property name="user.name" value="kturgut"/><property name="jline.shutdownhook" value="false"/><property name="java.vm.specification.version" value="1.8"/><property name="sun.java.command" value="/Users/kturgut/Library/Application Support/JetBrains/IdeaIC2021.1/plugins/Scala/launcher/sbt-launch.jar early(addPluginSbtFile=&quot;&quot;&quot;/private/var/folders/l0/sc70llsn0kbbj854klbygcbh0000gn/T/idea7.sbt&quot;&quot;&quot;) ; set ideaPort in Global := 49401 ; idea-shell"/><property name="java.home" value="/Users/kturgut/Library/Java/JavaVirtualMachines/corretto-1.8.0_275/Contents/Home/jre"/><property name="sun.arch.data.model" value="64"/><property name="user.language" value="en"/><property name="java.specification.vendor" value="Oracle Corporation"/><property name="awt.toolkit" value="sun.lwawt.macosx.LWCToolkit"/><property name="java.vm.info" value="mixed mode"/><property name="java.version" value="1.8.0_275"/><property name="java.ext.dirs" value="/Users/kturgut/Library/Java/Extensions:/Users/kturgut/Library/Java/JavaVirtualMachines/corretto-1.8.0_275/Contents/Home/jre/lib/ext:/Library/Java/Extensions:/Network/Library/Java/Extensions:/System/Library/Java/Extensions:/usr/lib/java"/><property name="sun.boot.class.path" value="/Users/kturgut/Library/Java/JavaVirtualMachines/corretto-1.8.0_275/Contents/Home/jre/lib/resources.jar:/Users/kturgut/Library/Java/JavaVirtualMachines/corretto-1.8.0_275/Contents/Home/jre/lib/rt.jar:/Users/kturgut/Library/Java/JavaVirtualMachines/corretto-1.8.0_275/Contents/Home/jre/lib/sunrsasign.jar:/Users/kturgut/Library/Java/JavaVirtualMachines/corretto-1.8.0_275/Contents/Home/jre/lib/jsse.jar:/Users/kturgut/Library/Java/JavaVirtualMachines/corretto-1.8.0_275/Contents/Home/jre/lib/jce.jar:/Users/kturgut/Library/Java/JavaVirtualMachines/corretto-1.8.0_275/Contents/Home/jre/lib/charsets.jar:/Users/kturgut/Library/Java/JavaVirtualMachines/corretto-1.8.0_275/Contents/Home/jre/lib/jfr.jar:/Users/kturgut/Library/Java/JavaVirtualMachines/corretto-1.8.0_275/Contents/Home/jre/classes"/><property name="java.vendor" value="Amazon.com Inc."/><property name="file.separator" value="/"/><property name="java.vendor.url.bug" value="https://github.com/corretto/corretto-8/issues/"/><property name="sbt.supershell" value="false"/><property name="sun.io.unicode.encoding" value="UnicodeBig"/><property name="sun.cpu.endian" value="little"/><property name="socksNonProxyHosts" value="local|*.local|169.254/16|*.169.254/16"/><property name="ftp.nonProxyHosts" value="local|*.local|169.254/16|*.169.254/16"/><property name="sun.cpu.isalist" value=""/>
    </properties>
          <testcase classname="com.conviva.id.assignment.HouseholdAssignmentAggregatorSpec" name="HouseholdAssignmentAggregator processing SINGLE Household data daily=&gt;monthly when input Assignment table is empty should handle it gracefully and cause no exception" time="5.412">
                      
                    </testcase><testcase classname="com.conviva.id.assignment.HouseholdAssignmentAggregatorSpec" name="HouseholdAssignmentAggregator processing SINGLE Household data daily=&gt;monthly when sessions of the SAME IP with time spans that may or may not be overlapping should reduce all sessions to a single row when start times are the same" time="1.982">
                      
                    </testcase><testcase classname="com.conviva.id.assignment.HouseholdAssignmentAggregatorSpec" name="HouseholdAssignmentAggregator processing SINGLE Household data daily=&gt;monthly when sessions of the SAME IP with time spans that may or may not be overlapping should reduce all sessions to a single row when end times are the same" time="1.489">
                      
                    </testcase><testcase classname="com.conviva.id.assignment.HouseholdAssignmentAggregatorSpec" name="HouseholdAssignmentAggregator processing SINGLE Household data daily=&gt;monthly when sessions of the SAME IP with time spans that may or may not be overlapping should reduce all sessions to a single row even when session are zero length" time="1.357">
                      
                    </testcase><testcase classname="com.conviva.id.assignment.HouseholdAssignmentAggregatorSpec" name="HouseholdAssignmentAggregator processing SINGLE Household data daily=&gt;monthly when sessions of the SAME IP with time spans that may or may not be overlapping should reduce all session to a single row same clientId" time="1.165">
                      
                    </testcase><testcase classname="com.conviva.id.assignment.HouseholdAssignmentAggregatorSpec" name="HouseholdAssignmentAggregator processing SINGLE Household data daily=&gt;monthly when sessions of the SAME IP with time spans that may or may not be overlapping should reduce all unique clientIds into single row aggregating clientIds" time="1.059">
                      
                    </testcase><testcase classname="com.conviva.id.assignment.HouseholdAssignmentAggregatorSpec" name="HouseholdAssignmentAggregator processing SINGLE Household data daily=&gt;monthly when sessions of the MULTIPLE IPs with time spans that may or may not be overlapping should maintain sort order based on startTime" time="1.589">
                      
                    </testcase><testcase classname="com.conviva.id.assignment.HouseholdAssignmentAggregatorSpec" name="HouseholdAssignmentAggregator processing SINGLE Household data daily=&gt;monthly when sessions of the MULTIPLE IPs with time spans that may or may not be overlapping should merge non-overlapping clientIds of adjacent sets if the have the same IP, at the end of sort order" time="1.204">
                      
                    </testcase><testcase classname="com.conviva.id.assignment.HouseholdAssignmentAggregatorSpec" name="HouseholdAssignmentAggregator processing SINGLE Household data daily=&gt;monthly when sessions of the MULTIPLE IPs with time spans that may or may not be overlapping should merge non-overlapping clientIds of adjacent sets if the have the same IP unless there are no other ips in middle" time="0.948">
                      
                    </testcase><testcase classname="com.conviva.id.assignment.HouseholdAssignmentAggregatorSpec" name="HouseholdAssignmentAggregator processing SINGLE Household data daily=&gt;monthly when sessions of the MULTIPLE IPs with time spans that may or may not be overlapping should merge non-overlapping clientIds of adjacent sets with same IP, based on sort order - case 1" time="1.036">
                      
                    </testcase><testcase classname="com.conviva.id.assignment.HouseholdAssignmentAggregatorSpec" name="HouseholdAssignmentAggregator processing SINGLE Household data daily=&gt;monthly when sessions of the MULTIPLE IPs with time spans that may or may not be overlapping should merge non-overlapping clientIds of adjacent sets with same IP, based on sort order - case 2" time="0.953">
                      
                    </testcase><testcase classname="com.conviva.id.assignment.HouseholdAssignmentAggregatorSpec" name="HouseholdAssignmentAggregator processing SINGLE Household data daily=&gt;monthly when sessions of the MULTIPLE IPs with time spans that may or may not be overlapping should merge non-overlapping clientIds of adjacent sets with same IP, based on sort order - case 3" time="0.917">
                      
                    </testcase><testcase classname="com.conviva.id.assignment.HouseholdAssignmentAggregatorSpec" name="HouseholdAssignmentAggregator processing SINGLE Household data daily=&gt;monthly when sessions of the MULTIPLE IPs with time spans that may or may not be overlapping should merge non-overlapping clientIds of adjacent sets with same IP, based on sort order - case 4" time="0.869">
                      
                    </testcase><testcase classname="com.conviva.id.assignment.HouseholdAssignmentAggregatorSpec" name="HouseholdAssignmentAggregator processing SINGLE Household data daily=&gt;monthly when sessions of the MULTIPLE IPs with time spans that may or may not be overlapping should merge non-overlapping clientIds of adjacent sets if they have the same ip" time="0.945">
                      
                    </testcase><testcase classname="com.conviva.id.assignment.HouseholdAssignmentAggregatorSpec" name="HouseholdAssignmentAggregator exporting Households with empty client id when Input data has household ip entries with no client id should filter those from the output" time="0.854">
                      
                    </testcase><testcase classname="com.conviva.id.assignment.HouseholdAssignmentAggregatorSpec" name="HouseholdAssignmentAggregator exporting Households with empty client id when Input data has household ip entries all of which have no client id should filter those from the output" time="1.013">
                      
                    </testcase><testcase classname="com.conviva.id.assignment.HouseholdAssignmentAggregatorSpec" name="HouseholdAssignmentAggregator processing MULTIPLE Households data daily=&gt;monthly when sessions are interleaving within same or different IPs should merge non-overlapping clientIds when adjacent sets ordered by start time have the same IP" time="1.053">
                      
                    </testcase><testcase classname="com.conviva.id.assignment.HouseholdAssignmentAggregatorSpec" name="HouseholdAssignmentAggregator processing hourly=&gt;monthly, skipping daily grain when aggregate properly skipping summarization to daily as intermediate step" time="0.912">
                      
                    </testcase>
          <system-out><![CDATA[]]></system-out>
          <system-err><![CDATA[]]></system-err>
        </testsuite>